0 info it worked if it ends with ok
1 verbose cli [ '/usr/local/bin/node',
1 verbose cli   '/usr/local/bin/npm',
1 verbose cli   'install',
1 verbose cli   '--save-dev',
1 verbose cli   'knexfile.js' ]
2 info using npm@4.1.1
3 info using node@v6.3.1
4 silly loadCurrentTree Starting
5 silly install loadCurrentTree
6 silly install readLocalPackageData
7 silly fetchPackageMetaData knexfile.js
8 silly fetchOtherPackageData knexfile.js
9 silly cache add args [ 'knexfile.js', null ]
10 verbose cache add spec knexfile.js
11 silly cache add parsed spec Result {
11 silly cache add   raw: 'knexfile.js',
11 silly cache add   scope: null,
11 silly cache add   escapedName: 'knexfile.js',
11 silly cache add   name: null,
11 silly cache add   rawSpec: 'knexfile.js',
11 silly cache add   spec: '/Users/cstaff/for-fun-projects/expressPractice/knexfile.js',
11 silly cache add   type: 'local' }
12 silly addLocalTarball shasum (computed) bb416c219ccdccae4098cfec7f20c233b0c48af5
13 verbose addTmpTarball /Users/cstaff/for-fun-projects/expressPractice/knexfile.js not in flight; adding
14 verbose correctMkdir /Users/cstaff/.npm correctMkdir not in flight; initializing
15 verbose addTmpTarball validating metadata from /Users/cstaff/for-fun-projects/expressPractice/knexfile.js
16 verbose tar unpack /Users/cstaff/for-fun-projects/expressPractice/knexfile.js
17 verbose tar unpacking to /var/folders/tq/m__53z0s28j99682dcr3__6c0000gn/T/npm-11800-3d2f5df6/unpack-c232259f
18 silly gentlyRm /var/folders/tq/m__53z0s28j99682dcr3__6c0000gn/T/npm-11800-3d2f5df6/unpack-c232259f is being purged
19 verbose gentlyRm don't care about contents; nuking /var/folders/tq/m__53z0s28j99682dcr3__6c0000gn/T/npm-11800-3d2f5df6/unpack-c232259f
20 silly gunzTarPerm modes [ '755', '644' ]
21 error not a package /Users/cstaff/for-fun-projects/expressPractice/knexfile.js
22 error addLocal Could not install /Users/cstaff/for-fun-projects/expressPractice/knexfile.js
23 silly fetchPackageMetaData Error: ENOENT: no such file or directory, open '/var/folders/tq/m__53z0s28j99682dcr3__6c0000gn/T/npm-11800-3d2f5df6/unpack-c232259f/package.json'
23 silly fetchPackageMetaData     at Error (native)
23 silly fetchPackageMetaData  error for knexfile.js { Error: ENOENT: no such file or directory, open '/var/folders/tq/m__53z0s28j99682dcr3__6c0000gn/T/npm-11800-3d2f5df6/unpack-c232259f/package.json'
23 silly fetchPackageMetaData     at Error (native)
23 silly fetchPackageMetaData   errno: -2,
23 silly fetchPackageMetaData   code: 'ENOENT',
23 silly fetchPackageMetaData   syscall: 'open',
23 silly fetchPackageMetaData   path: '/var/folders/tq/m__53z0s28j99682dcr3__6c0000gn/T/npm-11800-3d2f5df6/unpack-c232259f/package.json' }
24 silly rollbackFailedOptional Starting
25 silly rollbackFailedOptional Finishing
26 silly runTopLevelLifecycles Finishing
27 silly install printInstalled
28 verbose stack Error: ENOENT: no such file or directory, open '/var/folders/tq/m__53z0s28j99682dcr3__6c0000gn/T/npm-11800-3d2f5df6/unpack-c232259f/package.json'
28 verbose stack     at Error (native)
29 verbose cwd /Users/cstaff/for-fun-projects/expressPractice
30 error Darwin 16.1.0
31 error argv "/usr/local/bin/node" "/usr/local/bin/npm" "install" "--save-dev" "knexfile.js"
32 error node v6.3.1
33 error npm  v4.1.1
34 error path /var/folders/tq/m__53z0s28j99682dcr3__6c0000gn/T/npm-11800-3d2f5df6/unpack-c232259f/package.json
35 error code ENOENT
36 error errno -2
37 error syscall open
38 error enoent ENOENT: no such file or directory, open '/var/folders/tq/m__53z0s28j99682dcr3__6c0000gn/T/npm-11800-3d2f5df6/unpack-c232259f/package.json'
39 error enoent ENOENT: no such file or directory, open '/var/folders/tq/m__53z0s28j99682dcr3__6c0000gn/T/npm-11800-3d2f5df6/unpack-c232259f/package.json'
39 error enoent This is most likely not a problem with npm itself
39 error enoent and is related to npm not being able to find a file.
40 verbose exit [ -2, true ]
